<?xml version="1.0" encoding="UTF-8"?>
<!-- Generated by org.testng.reporters.JUnitReportReporter -->
<testsuite hostname="fedora" failures="0" tests="1" name="TestRunner" time="17.811" errors="0" timestamp="2023-02-08T16:49:24 IST" skipped="0">
  <testcase classname="TestRunner" name="runScenario" time="17.811"/>
  <system-out/>
</testsuite> <!-- TestRunner -->
